<?xml version="1.0" encoding="UTF-8"?>
<testng-results ignored="0" total="1" passed="1" failed="0" skipped="0">
  <reporter-output>
  </reporter-output>
  <suite started-at="2022-08-03T22:29:05 CDT" name="Default suite" finished-at="2022-08-03T22:29:16 CDT" duration-ms="10971">
    <groups>
      <group name="cucumber">
        <method signature="AbstractTestNGCucumberTests.feature(cucumber.api.testng.CucumberFeatureWrapper)[pri:0, instance:com.summer.testrunner.summertestrunner@55536d9e]" name="feature" class="cucumber.api.testng.AbstractTestNGCucumberTests"/>
      </group> <!-- cucumber -->
    </groups>
    <test started-at="2022-08-03T22:29:05 CDT" name="Default test" finished-at="2022-08-03T22:29:16 CDT" duration-ms="10971">
      <class name="com.summer.testrunner.summertestrunner">
        <test-method is-config="true" signature="startURLsm()[pri:0, instance:com.summer.testrunner.summertestrunner@55536d9e]" started-at="2022-08-03T22:29:05 CDT" name="startURLsm" finished-at="2022-08-03T22:29:08 CDT" duration-ms="3436" status="PASS">
          <reporter-output>
          </reporter-output>
        </test-method> <!-- startURLsm -->
        <test-method is-config="true" signature="setUpClass()[pri:0, instance:com.summer.testrunner.summertestrunner@55536d9e]" started-at="2022-08-03T22:29:08 CDT" name="setUpClass" finished-at="2022-08-03T22:29:08 CDT" duration-ms="188" status="PASS">
          <reporter-output>
          </reporter-output>
        </test-method> <!-- setUpClass -->
        <test-method signature="feature(cucumber.api.testng.CucumberFeatureWrapper)[pri:0, instance:com.summer.testrunner.summertestrunner@55536d9e]" started-at="2022-08-03T22:29:08 CDT" name="feature" description="Runs Cucumber Feature" data-provider="features" finished-at="2022-08-03T22:29:12 CDT" duration-ms="4029" status="PASS">
          <params>
            <param index="0">
              <value>
                <![CDATA[This feature is to validate Contact  page Creation]]>
              </value>
            </param>
          </params>
          <reporter-output>
          </reporter-output>
        </test-method> <!-- feature -->
        <test-method is-config="true" signature="tearDownClass()[pri:0, instance:com.summer.testrunner.summertestrunner@55536d9e]" started-at="2022-08-03T22:29:12 CDT" name="tearDownClass" finished-at="2022-08-03T22:29:13 CDT" duration-ms="5" status="PASS">
          <reporter-output>
          </reporter-output>
        </test-method> <!-- tearDownClass -->
        <test-method is-config="true" signature="closeURLsm()[pri:0, instance:com.summer.testrunner.summertestrunner@55536d9e]" started-at="2022-08-03T22:29:13 CDT" name="closeURLsm" finished-at="2022-08-03T22:29:16 CDT" duration-ms="3229" status="PASS">
          <reporter-output>
          </reporter-output>
        </test-method> <!-- closeURLsm -->
      </class> <!-- com.summer.testrunner.summertestrunner -->
    </test> <!-- Default test -->
  </suite> <!-- Default suite -->
</testng-results>
